c:\users\owenp\source\repos\flappy bird\sfml template\sfml template\debug\vc142.pdb
c:\users\owenp\source\repos\flappy bird\sfml template\sfml template\debug\vc142.idb
c:\users\owenp\source\repos\flappy bird\sfml template\sfml template\debug\statemachine.obj
c:\users\owenp\source\repos\flappy bird\sfml template\sfml template\debug\main.obj
c:\users\owenp\source\repos\flappy bird\sfml template\sfml template\debug\inputmanager.obj
c:\users\owenp\source\repos\flappy bird\sfml template\sfml template\debug\game.obj
c:\users\owenp\source\repos\flappy bird\sfml template\sfml template\debug\assetmanager.obj
c:\users\owenp\source\repos\flappy bird\sfml template\sfml template\debug\splashstate.obj
c:\users\owenp\source\repos\flappy bird\sfml template\debug\sfml template.exe
c:\users\owenp\source\repos\flappy bird\sfml template\debug\sfml template.ilk
c:\users\owenp\source\repos\flappy bird\sfml template\debug\sfml template.pdb
c:\users\owenp\source\repos\flappy bird\sfml template\sfml template\debug\sfml template.res
c:\users\owenp\source\repos\flappy bird\sfml template\sfml template\debug\sfml template.tlog\cl.command.1.tlog
c:\users\owenp\source\repos\flappy bird\sfml template\sfml template\debug\sfml template.tlog\cl.read.1.tlog
c:\users\owenp\source\repos\flappy bird\sfml template\sfml template\debug\sfml template.tlog\cl.write.1.tlog
c:\users\owenp\source\repos\flappy bird\sfml template\sfml template\debug\sfml template.tlog\link.command.1.tlog
c:\users\owenp\source\repos\flappy bird\sfml template\sfml template\debug\sfml template.tlog\link.read.1.tlog
c:\users\owenp\source\repos\flappy bird\sfml template\sfml template\debug\sfml template.tlog\link.write.1.tlog
c:\users\owenp\source\repos\flappy bird\sfml template\sfml template\debug\sfml template.tlog\rc.command.1.tlog
c:\users\owenp\source\repos\flappy bird\sfml template\sfml template\debug\sfml template.tlog\rc.read.1.tlog
c:\users\owenp\source\repos\flappy bird\sfml template\sfml template\debug\sfml template.tlog\rc.write.1.tlog
